{
  "RSpec": {
    "coverage": {
      "/home/tamucru/Documents/College/CSCE431/PAIDMemberPointTracker/config/environment.rb": {
        "lines": [
          null,
          null,
          null,
          1,
          null,
          null,
          1
        ]
      },
      "/home/tamucru/Documents/College/CSCE431/PAIDMemberPointTracker/config/application.rb": {
        "lines": [
          null,
          null,
          1,
          1,
          1,
          null,
          null,
          null,
          1,
          null,
          1,
          1,
          null,
          1,
          null,
          null,
          null,
          null,
          null,
          null,
          null
        ]
      },
      "/home/tamucru/Documents/College/CSCE431/PAIDMemberPointTracker/config/boot.rb": {
        "lines": [
          null,
          null,
          1,
          null,
          1,
          1
        ]
      },
      "/home/tamucru/Documents/College/CSCE431/PAIDMemberPointTracker/config/environments/test.rb": {
        "lines": [
          null,
          null,
          null,
          null,
          null,
          null,
          null,
          1,
          null,
          null,
          1,
          1,
          null,
          null,
          null,
          null,
          1,
          null,
          null,
          1,
          1,
          null,
          null,
          null,
          null,
          1,
          1,
          1,
          null,
          null,
          1,
          null,
          null,
          1,
          null,
          null,
          1,
          null,
          1,
          null,
          null,
          null,
          null,
          1,
          null,
          null,
          1,
          null,
          null,
          null,
          null
        ]
      },
      "/home/tamucru/Documents/College/CSCE431/PAIDMemberPointTracker/config/initializers/application_controller_renderer.rb": {
        "lines": [
          null,
          null,
          null,
          null,
          null,
          null,
          null,
          null,
          null
        ]
      },
      "/home/tamucru/Documents/College/CSCE431/PAIDMemberPointTracker/config/initializers/assets.rb": {
        "lines": [
          null,
          null,
          null,
          null,
          null,
          1,
          null,
          null,
          null,
          null,
          1,
          1,
          null,
          null,
          null,
          null
        ]
      },
      "/home/tamucru/Documents/College/CSCE431/PAIDMemberPointTracker/config/initializers/backtrace_silencers.rb": {
        "lines": [
          null,
          null,
          null,
          null,
          null,
          null,
          null,
          null
        ]
      },
      "/home/tamucru/Documents/College/CSCE431/PAIDMemberPointTracker/config/initializers/content_security_policy.rb": {
        "lines": [
          null,
          null,
          null,
          null,
          null,
          null,
          null,
          null,
          null,
          null,
          null,
          null,
          null,
          null,
          null,
          null,
          null,
          null,
          null,
          null,
          null,
          null,
          null,
          null,
          null,
          null,
          null,
          null,
          null,
          null,
          null
        ]
      },
      "/home/tamucru/Documents/College/CSCE431/PAIDMemberPointTracker/config/initializers/cookies_serializer.rb": {
        "lines": [
          null,
          null,
          null,
          null,
          null,
          null,
          1
        ]
      },
      "/home/tamucru/Documents/College/CSCE431/PAIDMemberPointTracker/config/initializers/filter_parameter_logging.rb": {
        "lines": [
          null,
          null,
          null,
          null,
          null,
          1
        ]
      },
      "/home/tamucru/Documents/College/CSCE431/PAIDMemberPointTracker/config/initializers/inflections.rb": {
        "lines": [
          null,
          null,
          null,
          null,
          null,
          null,
          null,
          null,
          null,
          null,
          null,
          null,
          null,
          null,
          null,
          null,
          null
        ]
      },
      "/home/tamucru/Documents/College/CSCE431/PAIDMemberPointTracker/config/initializers/mime_types.rb": {
        "lines": [
          null,
          null,
          null,
          null,
          null
        ]
      },
      "/home/tamucru/Documents/College/CSCE431/PAIDMemberPointTracker/config/initializers/wrap_parameters.rb": {
        "lines": [
          null,
          null,
          null,
          null,
          null,
          null,
          null,
          null,
          1,
          2,
          null,
          null,
          null,
          null,
          null,
          null
        ]
      },
      "/home/tamucru/Documents/College/CSCE431/PAIDMemberPointTracker/config/routes.rb": {
        "lines": [
          null,
          null,
          1,
          1,
          1,
          1,
          1,
          null,
          1,
          1,
          1,
          null,
          1,
          null,
          1,
          1,
          1,
          null,
          null,
          1,
          2,
          2,
          1,
          1,
          null,
          1,
          1,
          1,
          null,
          null,
          null,
          1,
          1,
          1,
          null,
          null,
          null,
          null
        ]
      },
      "/home/tamucru/Documents/College/CSCE431/PAIDMemberPointTracker/app/helpers/access_helper.rb": {
        "lines": [
          null,
          null,
          1,
          null
        ]
      },
      "/home/tamucru/Documents/College/CSCE431/PAIDMemberPointTracker/app/helpers/admin_users_helper.rb": {
        "lines": [
          null,
          null,
          1,
          null
        ]
      },
      "/home/tamucru/Documents/College/CSCE431/PAIDMemberPointTracker/app/helpers/application_helper.rb": {
        "lines": [
          null,
          null,
          1,
          null
        ]
      },
      "/home/tamucru/Documents/College/CSCE431/PAIDMemberPointTracker/app/helpers/events_helper.rb": {
        "lines": [
          null,
          null,
          1,
          null
        ]
      },
      "/home/tamucru/Documents/College/CSCE431/PAIDMemberPointTracker/app/helpers/generalmember_helper.rb": {
        "lines": [
          null,
          null,
          1,
          null
        ]
      },
      "/home/tamucru/Documents/College/CSCE431/PAIDMemberPointTracker/app/helpers/members_helper.rb": {
        "lines": [
          null,
          null,
          1,
          null
        ]
      },
      "/home/tamucru/Documents/College/CSCE431/PAIDMemberPointTracker/app/models/admin_user.rb": {
        "lines": [
          null,
          null,
          1,
          1,
          null,
          1,
          null,
          1,
          0,
          null,
          null
        ]
      },
      "/home/tamucru/Documents/College/CSCE431/PAIDMemberPointTracker/app/models/application_record.rb": {
        "lines": [
          null,
          null,
          1,
          1,
          null
        ]
      },
      "/home/tamucru/Documents/College/CSCE431/PAIDMemberPointTracker/app/controllers/application_controller.rb": {
        "lines": [
          null,
          null,
          1,
          1,
          null,
          1,
          12,
          0,
          0,
          null,
          null,
          null,
          null
        ]
      },
      "/home/tamucru/Documents/College/CSCE431/PAIDMemberPointTracker/app/controllers/access_controller.rb": {
        "lines": [
          null,
          null,
          1,
          1,
          null,
          1,
          null,
          null,
          null,
          1,
          null,
          null,
          null,
          1,
          1,
          null,
          1,
          1,
          null,
          null,
          1,
          1,
          1,
          1,
          null,
          0,
          0,
          null,
          null,
          null,
          1,
          0,
          0,
          0,
          null,
          null,
          1,
          null
        ]
      },
      "/home/tamucru/Documents/College/CSCE431/PAIDMemberPointTracker/app/controllers/members_controller.rb": {
        "lines": [
          null,
          1,
          null,
          1,
          1,
          null,
          1,
          4,
          4,
          null,
          4,
          4,
          null,
          4,
          null,
          0,
          null,
          null,
          null,
          4,
          0,
          null,
          4,
          0,
          null,
          4,
          0,
          null,
          4,
          0,
          null,
          4,
          0,
          null,
          null,
          4,
          null,
          null,
          null,
          null,
          1,
          0,
          null,
          null,
          1,
          0,
          0,
          null,
          0,
          null,
          null,
          null,
          null,
          null,
          null,
          null,
          null,
          null,
          1,
          1,
          null,
          null,
          1,
          1,
          1,
          null,
          null,
          1,
          1,
          1,
          1,
          0,
          null,
          1,
          0,
          null,
          1,
          null,
          null,
          0,
          null,
          null,
          null,
          1,
          1,
          null,
          null,
          1,
          1,
          1,
          1,
          null,
          0,
          null,
          null,
          null,
          1,
          1,
          null,
          null,
          1,
          1,
          1,
          1,
          null,
          null,
          1,
          0,
          0,
          null,
          null,
          1,
          0,
          0,
          null,
          null,
          1,
          0,
          null,
          null,
          0,
          0,
          null,
          0,
          0,
          0,
          null,
          null,
          0,
          0,
          null,
          null,
          0,
          null,
          null,
          null,
          1,
          null,
          1,
          2,
          null,
          null
        ]
      },
      "/home/tamucru/Documents/College/CSCE431/PAIDMemberPointTracker/app/models/member.rb": {
        "lines": [
          null,
          null,
          1,
          1,
          1,
          1,
          1,
          9,
          9,
          9,
          null,
          null,
          null,
          null,
          null,
          null,
          null,
          null,
          null,
          null,
          null,
          null,
          null,
          null,
          null,
          1,
          0,
          0,
          0,
          0,
          0,
          0,
          0,
          null,
          0,
          null,
          0,
          0,
          0,
          null,
          0,
          null,
          0,
          null,
          null,
          0,
          null,
          null,
          1,
          0,
          0,
          null,
          0,
          null,
          null,
          null,
          1,
          null,
          4,
          null,
          null,
          null,
          null,
          null,
          null,
          null
        ]
      },
      "/home/tamucru/Documents/College/CSCE431/PAIDMemberPointTracker/app/models/event.rb": {
        "lines": [
          null,
          null,
          1,
          1,
          1,
          1,
          0,
          null,
          null
        ]
      }
    },
    "timestamp": 1603661886
  }
}
